<?xml version="1.0" encoding="UTF-8"?>
<robot generator="Robot 7.0.1 (Python 3.12.4 on win32)" generated="2024-07-28T05:13:23.222453" rpa="false" schemaversion="5">
<suite id="s1" name="Test" source="C:\SabaCloud\Robot\test.robot">
<test id="s1-t1" name="Test1" line="10">
<kw name="add_value">
<msg time="2024-07-28T05:13:23.297459" level="FAIL">No keyword with name 'add_value' found.</msg>
<arg>A</arg>
<arg>5</arg>
<status status="FAIL" start="2024-07-28T05:13:23.297459" elapsed="0.000000">No keyword with name 'add_value' found.</status>
</kw>
<status status="FAIL" start="2024-07-28T05:13:23.292456" elapsed="0.005003">No keyword with name 'add_value' found.</status>
</test>
<status status="FAIL" start="2024-07-28T05:13:23.222453" elapsed="0.075006"/>
</suite>
<statistics>
<total>
<stat pass="0" fail="1" skip="0">All Tests</stat>
</total>
<tag>
</tag>
<suite>
<stat pass="0" fail="1" skip="0" id="s1" name="Test">Test</stat>
</suite>
</statistics>
<errors>
<msg time="2024-07-28T05:13:23.292456" level="ERROR">Error in file 'C:\SabaCloud\Robot\test.robot' on line 4: Importing library 'C:\SabaCloud\Robot\Custom_Code.py' failed: ModuleNotFoundError: No module named 'openpyxl'
Traceback (most recent call last):
  File "C:\SabaCloud\Robot\Custom_Code.py", line 2, in &lt;module&gt;
    from openpyxl import Workbook, load_workbook
PYTHONPATH:
  C:\SabaCloud\Robot
  C:\SabaCloud\Robot
  C:\Program Files\Python\python312.zip
  C:\Program Files\Python\DLLs
  C:\Program Files\Python\Lib
  C:\Program Files\Python
  C:\Users\kstest\AppData\Roaming\Python\Python312\site-packages
  C:\Program Files\Python\Lib\site-packages</msg>
</errors>
</robot>
